<?xml version="1.0" encoding="UTF-8"?>
<!-- Generated by org.testng.reporters.JUnitReportReporter -->
<testsuite hostname="DESKTOP-8MR710O" name="testcases.VerifyLogInPage" tests="1" failures="0" timestamp="10 Feb 2017 19:48:53 GMT" time="17.888" errors="0">
  <testcase name="tesLogInPage" time="17.888" classname="testcases.VerifyLogInPage"/>
</testsuite> <!-- testcases.VerifyLogInPage -->
