<?xml version="1.0" encoding="UTF-8"?>
<!-- Generated by org.testng.reporters.JUnitReportReporter -->
<testsuite hostname="DESKTOP-8MR710O" name="testcases.VerifyLogInPageWithReports" tests="1" failures="0" timestamp="10 Feb 2017 20:15:01 GMT" time="19.734" errors="0">
  <testcase name="tesLogInPage" time="19.734" classname="testcases.VerifyLogInPageWithReports"/>
</testsuite> <!-- testcases.VerifyLogInPageWithReports -->
