<?xml version="1.0" encoding="UTF-8"?>
<!-- Generated by org.testng.reporters.JUnitReportReporter -->
<testsuite hostname="DESKTOP-8MR710O" name="testcases.VerifyHomePage" tests="1" failures="0" timestamp="10 Feb 2017 19:48:53 GMT" time="10.965" errors="0">
  <testcase name="testHomePage" time="10.965" classname="testcases.VerifyHomePage"/>
</testsuite> <!-- testcases.VerifyHomePage -->
